<?xml version="1.0" encoding="UTF-8"?>
<!-- Generated by org.testng.reporters.JUnitXMLReporter -->
<testsuite ignored="0" hostname="DESKTOP-1ICBAAR" failures="0" tests="6" name="SmokeTest" time="15.011" errors="0" timestamp="2024-12-02T22:57:55 IST">
  <testcase classname="tests.HomeTest" name="verifyHomePage" time="1.973"/>
  <testcase classname="tests.HomeTest" name="verifyNavigationToBags" time="3.041"/>
  <testcase classname="tests.RedirectionCheck" name="clickCartTest" time="2.815"/>
  <testcase classname="tests.RedirectionCheck" name="clickProfileTest" time="1.243"/>
  <testcase classname="tests.RedirectionCheck" name="clickSignUpTest" time="1.273"/>
  <testcase classname="tests.RedirectionCheck" name="downloadMeesho" time="1.189"/>
</testsuite> <!-- SmokeTest -->
