<?xml version="1.0" encoding="UTF-8"?>
<!-- Generated by org.testng.reporters.JUnitXMLReporter -->
<testsuite ignored="0" hostname="DESKTOP-1ICBAAR" failures="0" tests="4" name="Default test" time="9.628" errors="0" timestamp="2024-12-02T22:55:19 IST">
  <testcase classname="tests.RedirectionCheck" name="clickCartTest" time="2.387"/>
  <testcase classname="tests.RedirectionCheck" name="clickProfileTest" time="1.443"/>
  <testcase classname="tests.RedirectionCheck" name="clickSignUpTest" time="2.322"/>
  <testcase classname="tests.RedirectionCheck" name="downloadMeesho" time="1.317"/>
</testsuite> <!-- Default test -->
